<?xml version="1.0" encoding="UTF-8"?>
<testng-results ignored="0" total="1" passed="1" failed="0" skipped="0">
  <reporter-output>
  </reporter-output>
  <suite started-at="2024-07-02T07:23:29 IST" name="Default suite" finished-at="2024-07-02T07:23:35 IST" duration-ms="5597">
    <groups>
    </groups>
    <test started-at="2024-07-02T07:23:29 IST" name="Default test" finished-at="2024-07-02T07:23:35 IST" duration-ms="5597">
      <class name="package1.TwoTestTwo">
        <test-method signature="TwoTestmethod()[pri:0, instance:package1.TwoTestTwo@59505b48]" started-at="2024-07-02T07:23:29 IST" name="TwoTestmethod" finished-at="2024-07-02T07:23:34 IST" duration-ms="5554" status="PASS">
          <reporter-output>
          </reporter-output>
        </test-method> <!-- TwoTestmethod -->
      </class> <!-- package1.TwoTestTwo -->
    </test> <!-- Default test -->
  </suite> <!-- Default suite -->
</testng-results>
